<?xml version="1.0" encoding="UTF-8"?>
<!-- Generated by org.testng.reporters.JUnitXMLReporter -->
<testsuite hostname="ATMECSINDT-072" name="Test" tests="1" failures="1" timestamp="25 Aug 2014 06:06:24 GMT" time="1.279" errors="0">
  <testcase name="restTest" time="1.27" classname="com.atmecs.controllers.RestController">
    <failure type="java.lang.ClassCastException" message="com.jayway.restassured.response.Headers cannot be cast to java.util.Map">
      <![CDATA[java.lang.ClassCastException: com.jayway.restassured.response.Headers cannot be cast to java.util.Map
	at com.atmecs.controllers.RestController.restTest(RestController.java:60)
... Removed 24 stack frames]]>
    </failure>
  </testcase> <!-- restTest -->
</testsuite> <!-- Test -->
