<?xml version="1.0" encoding="UTF-8"?>
<testng-results skipped="0" failed="0" total="1" passed="1">
  <reporter-output>
  </reporter-output>
  <suite name="Suite" duration-ms="2371" started-at="2014-08-23T10:48:53Z" finished-at="2014-08-23T10:48:56Z">
    <groups>
    </groups>
    <test name="Test" duration-ms="2371" started-at="2014-08-23T10:48:53Z" finished-at="2014-08-23T10:48:56Z">
      <class name="com.atmecs.controllers.RestController">
        <test-method status="PASS" signature="restTest(java.lang.String)[pri:0, instance:com.atmecs.controllers.RestController@4f2c61fe]" name="restTest" duration-ms="2363" started-at="2014-08-23T16:18:54Z" finished-at="2014-08-23T16:18:56Z">
          <params>
            <param index="0">
              <value>
                <![CDATA[/home/bhanu/Documents/testcase.json]]>
              </value>
            </param>
          </params>
          <reporter-output>
          </reporter-output>
        </test-method> <!-- restTest -->
      </class> <!-- com.atmecs.controllers.RestController -->
    </test> <!-- Test -->
  </suite> <!-- Suite -->
</testng-results>
