<?xml version="1.0" encoding="UTF-8"?>
<testng-results skipped="0" failed="1" total="1" passed="0">
  <reporter-output>
  </reporter-output>
  <suite name="Suite" duration-ms="1279" started-at="2014-08-25T06:06:22Z" finished-at="2014-08-25T06:06:23Z">
    <groups>
    </groups>
    <test name="Test" duration-ms="1279" started-at="2014-08-25T06:06:22Z" finished-at="2014-08-25T06:06:23Z">
      <class name="com.atmecs.controllers.RestController">
        <test-method status="FAIL" signature="restTest(java.lang.String)[pri:0, instance:com.atmecs.controllers.RestController@6bb9db06]" name="restTest" duration-ms="1270" started-at="2014-08-25T11:36:22Z" finished-at="2014-08-25T11:36:23Z">
          <params>
            <param index="0">
              <value>
                <![CDATA[/home/bhanu/Documents/testcase.json]]>
              </value>
            </param>
          </params>
          <exception class="java.lang.ClassCastException">
            <message>
              <![CDATA[com.jayway.restassured.response.Headers cannot be cast to java.util.Map]]>
            </message>
            <full-stacktrace>
              <![CDATA[java.lang.ClassCastException: com.jayway.restassured.response.Headers cannot be cast to java.util.Map
	at com.atmecs.controllers.RestController.restTest(RestController.java:60)
	at sun.reflect.NativeMethodAccessorImpl.invoke0(Native Method)
	at sun.reflect.NativeMethodAccessorImpl.invoke(NativeMethodAccessorImpl.java:57)
	at sun.reflect.DelegatingMethodAccessorImpl.invoke(DelegatingMethodAccessorImpl.java:43)
	at java.lang.reflect.Method.invoke(Method.java:606)
	at org.testng.internal.MethodInvocationHelper.invokeMethod(MethodInvocationHelper.java:84)
	at org.testng.internal.Invoker.invokeMethod(Invoker.java:714)
	at org.testng.internal.Invoker.invokeTestMethod(Invoker.java:901)
	at org.testng.internal.Invoker.invokeTestMethods(Invoker.java:1231)
	at org.testng.internal.TestMethodWorker.invokeTestMethods(TestMethodWorker.java:127)
	at org.testng.internal.TestMethodWorker.run(TestMethodWorker.java:111)
	at org.testng.TestRunner.privateRun(TestRunner.java:767)
	at org.testng.TestRunner.run(TestRunner.java:617)
	at org.testng.SuiteRunner.runTest(SuiteRunner.java:334)
	at org.testng.SuiteRunner.runSequentially(SuiteRunner.java:329)
	at org.testng.SuiteRunner.privateRun(SuiteRunner.java:291)
	at org.testng.SuiteRunner.run(SuiteRunner.java:240)
	at org.testng.SuiteRunnerWorker.runSuite(SuiteRunnerWorker.java:52)
	at org.testng.SuiteRunnerWorker.run(SuiteRunnerWorker.java:86)
	at org.testng.TestNG.runSuitesSequentially(TestNG.java:1224)
	at org.testng.TestNG.runSuitesLocally(TestNG.java:1149)
	at org.testng.TestNG.run(TestNG.java:1057)
	at org.testng.remote.RemoteTestNG.run(RemoteTestNG.java:111)
	at org.testng.remote.RemoteTestNG.initAndRun(RemoteTestNG.java:204)
	at org.testng.remote.RemoteTestNG.main(RemoteTestNG.java:175)
]]>
            </full-stacktrace>
          </exception> <!-- java.lang.ClassCastException -->
          <reporter-output>
          </reporter-output>
        </test-method> <!-- restTest -->
      </class> <!-- com.atmecs.controllers.RestController -->
    </test> <!-- Test -->
  </suite> <!-- Suite -->
</testng-results>
